/home/saikirang/spiderbot_ws/src/ik/install/ik/lib/python3.10/site-packages/ik/publish_ik.py
/home/saikirang/spiderbot_ws/src/ik/install/ik/lib/python3.10/site-packages/ik/input_noder.py
/home/saikirang/spiderbot_ws/src/ik/install/ik/lib/python3.10/site-packages/ik/final_ik_check.py
/home/saikirang/spiderbot_ws/src/ik/install/ik/lib/python3.10/site-packages/ik/__init__.py
/home/saikirang/spiderbot_ws/src/ik/install/ik/lib/python3.10/site-packages/ik/final_ik_.py
/home/saikirang/spiderbot_ws/src/ik/install/ik/lib/python3.10/site-packages/ik/__pycache__/publish_ik.cpython-310.pyc
/home/saikirang/spiderbot_ws/src/ik/install/ik/lib/python3.10/site-packages/ik/__pycache__/input_noder.cpython-310.pyc
/home/saikirang/spiderbot_ws/src/ik/install/ik/lib/python3.10/site-packages/ik/__pycache__/final_ik_check.cpython-310.pyc
/home/saikirang/spiderbot_ws/src/ik/install/ik/lib/python3.10/site-packages/ik/__pycache__/__init__.cpython-310.pyc
/home/saikirang/spiderbot_ws/src/ik/install/ik/lib/python3.10/site-packages/ik/__pycache__/final_ik_.cpython-310.pyc
/home/saikirang/spiderbot_ws/src/ik/install/ik/share/ament_index/resource_index/packages/ik
/home/saikirang/spiderbot_ws/src/ik/install/ik/share/ik/package.xml
/home/saikirang/spiderbot_ws/src/ik/install/ik/lib/python3.10/site-packages/ik-0.0.0-py3.10.egg-info/zip-safe
/home/saikirang/spiderbot_ws/src/ik/install/ik/lib/python3.10/site-packages/ik-0.0.0-py3.10.egg-info/top_level.txt
/home/saikirang/spiderbot_ws/src/ik/install/ik/lib/python3.10/site-packages/ik-0.0.0-py3.10.egg-info/PKG-INFO
/home/saikirang/spiderbot_ws/src/ik/install/ik/lib/python3.10/site-packages/ik-0.0.0-py3.10.egg-info/dependency_links.txt
/home/saikirang/spiderbot_ws/src/ik/install/ik/lib/python3.10/site-packages/ik-0.0.0-py3.10.egg-info/requires.txt
/home/saikirang/spiderbot_ws/src/ik/install/ik/lib/python3.10/site-packages/ik-0.0.0-py3.10.egg-info/entry_points.txt
/home/saikirang/spiderbot_ws/src/ik/install/ik/lib/python3.10/site-packages/ik-0.0.0-py3.10.egg-info/SOURCES.txt
/home/saikirang/spiderbot_ws/src/ik/install/ik/lib/ik/final_ik_check
/home/saikirang/spiderbot_ws/src/ik/install/ik/lib/ik/final_ik_node
/home/saikirang/spiderbot_ws/src/ik/install/ik/lib/ik/input_noder
/home/saikirang/spiderbot_ws/src/ik/install/ik/lib/ik/joint_state_bridge
