[0.141s] DEBUG:colcon:Command line arguments: ['/usr/bin/colcon', 'build']
[0.141s] DEBUG:colcon:Parsed command line arguments: Namespace(log_base=None, log_level=None, verb_name='build', build_base='build', install_base='install', merge_install=False, symlink_install=False, test_result_base=None, continue_on_error=False, executor='parallel', parallel_workers=18, event_handlers=None, ignore_user_meta=False, metas=['./colcon.meta'], base_paths=['.'], packages_ignore=None, packages_ignore_regex=None, paths=None, packages_up_to=None, packages_up_to_regex=None, packages_above=None, packages_above_and_dependencies=None, packages_above_depth=None, packages_select_by_dep=None, packages_skip_by_dep=None, packages_skip_up_to=None, packages_select_build_failed=False, packages_skip_build_finished=False, packages_select_test_failures=False, packages_skip_test_passed=False, packages_select=None, packages_skip=None, packages_select_regex=None, packages_skip_regex=None, packages_start=None, packages_end=None, allow_overriding=[], cmake_args=None, cmake_target=None, cmake_target_skip_unavailable=False, cmake_clean_cache=False, cmake_clean_first=False, cmake_force_configure=False, ament_cmake_args=None, catkin_cmake_args=None, catkin_skip_building_tests=False, mixin_files=None, mixin=None, verb_parser=<colcon_mixin.mixin.mixin_argument.MixinArgumentDecorator object at 0x756d221b57b0>, verb_extension=<colcon_core.verb.build.BuildVerb object at 0x756d221b5240>, main=<bound method BuildVerb.main of <colcon_core.verb.build.BuildVerb object at 0x756d221b5240>>, mixin_verb=('build',))
[0.300s] Level 1:colcon.colcon_core.package_discovery:discover_packages(colcon_meta) check parameters
[0.300s] Level 1:colcon.colcon_core.package_discovery:discover_packages(recursive) check parameters
[0.300s] Level 1:colcon.colcon_core.package_discovery:discover_packages(ignore) check parameters
[0.300s] Level 1:colcon.colcon_core.package_discovery:discover_packages(path) check parameters
[0.300s] Level 1:colcon.colcon_core.package_discovery:discover_packages(colcon_meta) discover
[0.300s] Level 1:colcon.colcon_core.package_discovery:discover_packages(recursive) discover
[0.300s] INFO:colcon.colcon_core.package_discovery:Crawling recursively for packages in '/home/saikirang/spiderbot_ws/src/ik'
[0.300s] Level 1:colcon.colcon_core.package_identification:_identify(.) by extensions ['ignore', 'ignore_ament_install']
[0.301s] Level 1:colcon.colcon_core.package_identification:_identify(.) by extension 'ignore'
[0.301s] Level 1:colcon.colcon_core.package_identification:_identify(.) by extension 'ignore_ament_install'
[0.301s] Level 1:colcon.colcon_core.package_identification:_identify(.) by extensions ['colcon_pkg']
[0.301s] Level 1:colcon.colcon_core.package_identification:_identify(.) by extension 'colcon_pkg'
[0.301s] Level 1:colcon.colcon_core.package_identification:_identify(.) by extensions ['colcon_meta']
[0.301s] Level 1:colcon.colcon_core.package_identification:_identify(.) by extension 'colcon_meta'
[0.301s] Level 1:colcon.colcon_core.package_identification:_identify(.) by extensions ['ros']
[0.301s] Level 1:colcon.colcon_core.package_identification:_identify(.) by extension 'ros'
[0.310s] DEBUG:colcon.colcon_core.package_identification:Package '.' with type 'ros.ament_python' and name 'ik'
[0.310s] Level 1:colcon.colcon_core.package_discovery:discover_packages(recursive) using defaults
[0.310s] Level 1:colcon.colcon_core.package_discovery:discover_packages(ignore) discover
[0.310s] Level 1:colcon.colcon_core.package_discovery:discover_packages(ignore) using defaults
[0.310s] Level 1:colcon.colcon_core.package_discovery:discover_packages(path) discover
[0.310s] Level 1:colcon.colcon_core.package_discovery:discover_packages(path) using defaults
[0.337s] Level 1:colcon.colcon_core.package_discovery:discover_packages(prefix_path) check parameters
[0.337s] Level 1:colcon.colcon_core.package_discovery:discover_packages(prefix_path) discover
[0.343s] DEBUG:colcon.colcon_installed_package_information.package_discovery:Found 5 installed packages in /home/saikirang/ros2_ws/install
[0.344s] DEBUG:colcon.colcon_installed_package_information.package_discovery:Found 7 installed packages in /home/saikirang/ros2_ws/src/install
[0.349s] DEBUG:colcon.colcon_installed_package_information.package_discovery:Found 347 installed packages in /home/saikirang/ros2_humble/install
[0.351s] DEBUG:colcon.colcon_installed_package_information.package_discovery:Found 225 installed packages in /opt/ros/humble
[0.354s] Level 1:colcon.colcon_core.package_discovery:discover_packages(prefix_path) using defaults
[0.386s] Level 5:colcon.colcon_core.verb:set package 'ik' build argument 'cmake_args' from command line to 'None'
[0.387s] Level 5:colcon.colcon_core.verb:set package 'ik' build argument 'cmake_target' from command line to 'None'
[0.387s] Level 5:colcon.colcon_core.verb:set package 'ik' build argument 'cmake_target_skip_unavailable' from command line to 'False'
[0.387s] Level 5:colcon.colcon_core.verb:set package 'ik' build argument 'cmake_clean_cache' from command line to 'False'
[0.387s] Level 5:colcon.colcon_core.verb:set package 'ik' build argument 'cmake_clean_first' from command line to 'False'
[0.387s] Level 5:colcon.colcon_core.verb:set package 'ik' build argument 'cmake_force_configure' from command line to 'False'
[0.387s] Level 5:colcon.colcon_core.verb:set package 'ik' build argument 'ament_cmake_args' from command line to 'None'
[0.387s] Level 5:colcon.colcon_core.verb:set package 'ik' build argument 'catkin_cmake_args' from command line to 'None'
[0.387s] Level 5:colcon.colcon_core.verb:set package 'ik' build argument 'catkin_skip_building_tests' from command line to 'False'
[0.387s] DEBUG:colcon.colcon_core.verb:Building package 'ik' with the following arguments: {'ament_cmake_args': None, 'build_base': '/home/saikirang/spiderbot_ws/src/ik/build/ik', 'catkin_cmake_args': None, 'catkin_skip_building_tests': False, 'cmake_args': None, 'cmake_clean_cache': False, 'cmake_clean_first': False, 'cmake_force_configure': False, 'cmake_target': None, 'cmake_target_skip_unavailable': False, 'install_base': '/home/saikirang/spiderbot_ws/src/ik/install/ik', 'merge_install': False, 'path': '/home/saikirang/spiderbot_ws/src/ik', 'symlink_install': False, 'test_result_base': None}
[0.387s] INFO:colcon.colcon_core.executor:Executing jobs using 'parallel' executor
[0.388s] DEBUG:colcon.colcon_parallel_executor.executor.parallel:run_until_complete
[0.388s] INFO:colcon.colcon_ros.task.ament_python.build:Building ROS package in '/home/saikirang/spiderbot_ws/src/ik' with build type 'ament_python'
[0.388s] Level 1:colcon.colcon_core.shell:create_environment_hook('ik', 'ament_prefix_path')
[0.393s] INFO:colcon.colcon_core.plugin_system:Skipping extension 'colcon_core.shell.bat': Not used on non-Windows systems
[0.393s] INFO:colcon.colcon_core.shell:Creating environment hook '/home/saikirang/spiderbot_ws/src/ik/install/ik/share/ik/hook/ament_prefix_path.ps1'
[0.393s] INFO:colcon.colcon_core.shell:Creating environment descriptor '/home/saikirang/spiderbot_ws/src/ik/install/ik/share/ik/hook/ament_prefix_path.dsv'
[0.393s] INFO:colcon.colcon_core.shell:Creating environment hook '/home/saikirang/spiderbot_ws/src/ik/install/ik/share/ik/hook/ament_prefix_path.sh'
[0.394s] INFO:colcon.colcon_core.shell:Skip shell extension 'powershell' for command environment: Not usable outside of PowerShell
[0.394s] DEBUG:colcon.colcon_core.shell:Skip shell extension 'dsv' for command environment
[0.742s] INFO:colcon.colcon_core.task.python.build:Building Python package in '/home/saikirang/spiderbot_ws/src/ik'
[0.743s] INFO:colcon.colcon_core.shell:Skip shell extension 'powershell' for command environment: Not usable outside of PowerShell
[0.743s] DEBUG:colcon.colcon_core.shell:Skip shell extension 'dsv' for command environment
[1.245s] DEBUG:colcon.colcon_core.event_handler.log_command:Invoking command in '/home/saikirang/spiderbot_ws/src/ik': PYTHONPATH=/home/saikirang/spiderbot_ws/src/ik/build/ik/prefix_override:/usr/lib/python3/dist-packages/colcon_core/task/python/colcon_distutils_commands:/home/saikirang/spiderbot_ws/src/ik/install/ik/lib/python3.10/site-packages:${PYTHONPATH} /usr/bin/python3 -W ignore:setup.py install is deprecated -W ignore:easy_install command is deprecated setup.py egg_info --egg-base build/ik build --build-base /home/saikirang/spiderbot_ws/src/ik/build/ik/build install --record /home/saikirang/spiderbot_ws/src/ik/build/ik/install.log --single-version-externally-managed install_data
[1.596s] DEBUG:colcon.colcon_core.event_handler.log_command:Invoked command in '/home/saikirang/spiderbot_ws/src/ik' returned '0': PYTHONPATH=/home/saikirang/spiderbot_ws/src/ik/build/ik/prefix_override:/usr/lib/python3/dist-packages/colcon_core/task/python/colcon_distutils_commands:/home/saikirang/spiderbot_ws/src/ik/install/ik/lib/python3.10/site-packages:${PYTHONPATH} /usr/bin/python3 -W ignore:setup.py install is deprecated -W ignore:easy_install command is deprecated setup.py egg_info --egg-base build/ik build --build-base /home/saikirang/spiderbot_ws/src/ik/build/ik/build install --record /home/saikirang/spiderbot_ws/src/ik/build/ik/install.log --single-version-externally-managed install_data
[1.602s] Level 1:colcon.colcon_core.environment:checking '/home/saikirang/spiderbot_ws/src/ik/install/ik' for CMake module files
[1.602s] Level 1:colcon.colcon_core.environment:checking '/home/saikirang/spiderbot_ws/src/ik/install/ik' for CMake config files
[1.602s] Level 1:colcon.colcon_core.environment:checking '/home/saikirang/spiderbot_ws/src/ik/install/ik/lib'
[1.602s] Level 1:colcon.colcon_core.environment:checking '/home/saikirang/spiderbot_ws/src/ik/install/ik/bin'
[1.602s] Level 1:colcon.colcon_core.environment:checking '/home/saikirang/spiderbot_ws/src/ik/install/ik/lib/pkgconfig/ik.pc'
[1.602s] Level 1:colcon.colcon_core.environment:checking '/home/saikirang/spiderbot_ws/src/ik/install/ik/lib/python3.10/site-packages'
[1.602s] Level 1:colcon.colcon_core.shell:create_environment_hook('ik', 'pythonpath')
[1.603s] INFO:colcon.colcon_core.shell:Creating environment hook '/home/saikirang/spiderbot_ws/src/ik/install/ik/share/ik/hook/pythonpath.ps1'
[1.603s] INFO:colcon.colcon_core.shell:Creating environment descriptor '/home/saikirang/spiderbot_ws/src/ik/install/ik/share/ik/hook/pythonpath.dsv'
[1.603s] INFO:colcon.colcon_core.shell:Creating environment hook '/home/saikirang/spiderbot_ws/src/ik/install/ik/share/ik/hook/pythonpath.sh'
[1.604s] Level 1:colcon.colcon_core.environment:checking '/home/saikirang/spiderbot_ws/src/ik/install/ik/bin'
[1.604s] Level 1:colcon.colcon_core.environment:create_environment_scripts_only(ik)
[1.604s] INFO:colcon.colcon_core.shell:Creating package script '/home/saikirang/spiderbot_ws/src/ik/install/ik/share/ik/package.ps1'
[1.604s] INFO:colcon.colcon_core.shell:Creating package descriptor '/home/saikirang/spiderbot_ws/src/ik/install/ik/share/ik/package.dsv'
[1.604s] INFO:colcon.colcon_core.shell:Creating package script '/home/saikirang/spiderbot_ws/src/ik/install/ik/share/ik/package.sh'
[1.605s] INFO:colcon.colcon_core.shell:Creating package script '/home/saikirang/spiderbot_ws/src/ik/install/ik/share/ik/package.bash'
[1.605s] INFO:colcon.colcon_core.shell:Creating package script '/home/saikirang/spiderbot_ws/src/ik/install/ik/share/ik/package.zsh'
[1.605s] Level 1:colcon.colcon_core.environment:create_file_with_runtime_dependencies(/home/saikirang/spiderbot_ws/src/ik/install/ik/share/colcon-core/packages/ik)
[1.606s] DEBUG:colcon.colcon_parallel_executor.executor.parallel:closing loop
[1.606s] DEBUG:colcon.colcon_parallel_executor.executor.parallel:loop closed
[1.606s] DEBUG:colcon.colcon_parallel_executor.executor.parallel:run_until_complete finished with '0'
[1.606s] DEBUG:colcon.colcon_core.event_reactor:joining thread
[1.614s] INFO:colcon.colcon_core.plugin_system:Skipping extension 'colcon_notification.desktop_notification.terminal_notifier': Not used on non-Darwin systems
[1.614s] INFO:colcon.colcon_core.plugin_system:Skipping extension 'colcon_notification.desktop_notification.win32': Not used on non-Windows systems
[1.614s] INFO:colcon.colcon_notification.desktop_notification:Sending desktop notification using 'notify2'
[1.623s] DEBUG:colcon.colcon_core.event_reactor:joined thread
[1.624s] INFO:colcon.colcon_core.shell:Creating prefix script '/home/saikirang/spiderbot_ws/src/ik/install/local_setup.ps1'
[1.624s] INFO:colcon.colcon_core.shell:Creating prefix util module '/home/saikirang/spiderbot_ws/src/ik/install/_local_setup_util_ps1.py'
[1.625s] INFO:colcon.colcon_core.shell:Creating prefix chain script '/home/saikirang/spiderbot_ws/src/ik/install/setup.ps1'
[1.630s] INFO:colcon.colcon_core.shell:Creating prefix script '/home/saikirang/spiderbot_ws/src/ik/install/local_setup.sh'
[1.631s] INFO:colcon.colcon_core.shell:Creating prefix util module '/home/saikirang/spiderbot_ws/src/ik/install/_local_setup_util_sh.py'
[1.631s] INFO:colcon.colcon_core.shell:Creating prefix chain script '/home/saikirang/spiderbot_ws/src/ik/install/setup.sh'
[1.636s] INFO:colcon.colcon_core.shell:Creating prefix script '/home/saikirang/spiderbot_ws/src/ik/install/local_setup.bash'
[1.636s] INFO:colcon.colcon_core.shell:Creating prefix chain script '/home/saikirang/spiderbot_ws/src/ik/install/setup.bash'
[1.641s] INFO:colcon.colcon_core.shell:Creating prefix script '/home/saikirang/spiderbot_ws/src/ik/install/local_setup.zsh'
[1.642s] INFO:colcon.colcon_core.shell:Creating prefix chain script '/home/saikirang/spiderbot_ws/src/ik/install/setup.zsh'
