[0.910s] Invoking command in '/home/saikirang/spiderbot_ws/src/ik': PYTHONPATH=/home/saikirang/spiderbot_ws/src/ik/build/ik/prefix_override:/usr/lib/python3/dist-packages/colcon_core/task/python/colcon_distutils_commands:/home/saikirang/spiderbot_ws/src/ik/install/ik/lib/python3.10/site-packages:${PYTHONPATH} /usr/bin/python3 -W ignore:setup.py install is deprecated -W ignore:easy_install command is deprecated setup.py egg_info --egg-base build/ik build --build-base /home/saikirang/spiderbot_ws/src/ik/build/ik/build install --record /home/saikirang/spiderbot_ws/src/ik/build/ik/install.log --single-version-externally-managed install_data
[1.277s] running egg_info
[1.277s] creating build/ik/ik.egg-info
[1.278s] writing build/ik/ik.egg-info/PKG-INFO
[1.278s] writing dependency_links to build/ik/ik.egg-info/dependency_links.txt
[1.278s] writing entry points to build/ik/ik.egg-info/entry_points.txt
[1.278s] writing requirements to build/ik/ik.egg-info/requires.txt
[1.278s] writing top-level names to build/ik/ik.egg-info/top_level.txt
[1.278s] writing manifest file 'build/ik/ik.egg-info/SOURCES.txt'
[1.279s] reading manifest file 'build/ik/ik.egg-info/SOURCES.txt'
[1.279s] adding license file 'LICENSE'
[1.279s] writing manifest file 'build/ik/ik.egg-info/SOURCES.txt'
[1.279s] running build
[1.279s] running build_py
[1.279s] creating /home/saikirang/spiderbot_ws/src/ik/build/ik/build
[1.280s] creating /home/saikirang/spiderbot_ws/src/ik/build/ik/build/lib
[1.280s] creating /home/saikirang/spiderbot_ws/src/ik/build/ik/build/lib/ik
[1.280s] copying ik/publish_ik.py -> /home/saikirang/spiderbot_ws/src/ik/build/ik/build/lib/ik
[1.280s] copying ik/input_noder.py -> /home/saikirang/spiderbot_ws/src/ik/build/ik/build/lib/ik
[1.280s] copying ik/final_ik_check.py -> /home/saikirang/spiderbot_ws/src/ik/build/ik/build/lib/ik
[1.280s] copying ik/__init__.py -> /home/saikirang/spiderbot_ws/src/ik/build/ik/build/lib/ik
[1.280s] copying ik/final_ik_.py -> /home/saikirang/spiderbot_ws/src/ik/build/ik/build/lib/ik
[1.280s] running install
[1.280s] running install_lib
[1.280s] creating /home/saikirang/spiderbot_ws/src/ik/install/ik/lib/python3.10/site-packages/ik
[1.280s] copying /home/saikirang/spiderbot_ws/src/ik/build/ik/build/lib/ik/publish_ik.py -> /home/saikirang/spiderbot_ws/src/ik/install/ik/lib/python3.10/site-packages/ik
[1.281s] copying /home/saikirang/spiderbot_ws/src/ik/build/ik/build/lib/ik/input_noder.py -> /home/saikirang/spiderbot_ws/src/ik/install/ik/lib/python3.10/site-packages/ik
[1.281s] copying /home/saikirang/spiderbot_ws/src/ik/build/ik/build/lib/ik/final_ik_check.py -> /home/saikirang/spiderbot_ws/src/ik/install/ik/lib/python3.10/site-packages/ik
[1.281s] copying /home/saikirang/spiderbot_ws/src/ik/build/ik/build/lib/ik/__init__.py -> /home/saikirang/spiderbot_ws/src/ik/install/ik/lib/python3.10/site-packages/ik
[1.281s] copying /home/saikirang/spiderbot_ws/src/ik/build/ik/build/lib/ik/final_ik_.py -> /home/saikirang/spiderbot_ws/src/ik/install/ik/lib/python3.10/site-packages/ik
[1.282s] byte-compiling /home/saikirang/spiderbot_ws/src/ik/install/ik/lib/python3.10/site-packages/ik/publish_ik.py to publish_ik.cpython-310.pyc
[1.283s] byte-compiling /home/saikirang/spiderbot_ws/src/ik/install/ik/lib/python3.10/site-packages/ik/input_noder.py to input_noder.cpython-310.pyc
[1.283s] byte-compiling /home/saikirang/spiderbot_ws/src/ik/install/ik/lib/python3.10/site-packages/ik/final_ik_check.py to final_ik_check.cpython-310.pyc
[1.285s] byte-compiling /home/saikirang/spiderbot_ws/src/ik/install/ik/lib/python3.10/site-packages/ik/__init__.py to __init__.cpython-310.pyc
[1.285s] byte-compiling /home/saikirang/spiderbot_ws/src/ik/install/ik/lib/python3.10/site-packages/ik/final_ik_.py to final_ik_.cpython-310.pyc
[1.287s] running install_data
[1.287s] creating /home/saikirang/spiderbot_ws/src/ik/install/ik/share/ament_index
[1.287s] creating /home/saikirang/spiderbot_ws/src/ik/install/ik/share/ament_index/resource_index
[1.287s] creating /home/saikirang/spiderbot_ws/src/ik/install/ik/share/ament_index/resource_index/packages
[1.287s] copying resource/ik -> /home/saikirang/spiderbot_ws/src/ik/install/ik/share/ament_index/resource_index/packages
[1.287s] copying package.xml -> /home/saikirang/spiderbot_ws/src/ik/install/ik/share/ik
[1.287s] running install_egg_info
[1.290s] Copying build/ik/ik.egg-info to /home/saikirang/spiderbot_ws/src/ik/install/ik/lib/python3.10/site-packages/ik-0.0.0-py3.10.egg-info
[1.290s] running install_scripts
[1.320s] Installing final_ik_check script to /home/saikirang/spiderbot_ws/src/ik/install/ik/lib/ik
[1.371s] Installing final_ik_node script to /home/saikirang/spiderbot_ws/src/ik/install/ik/lib/ik
[1.371s] Installing input_noder script to /home/saikirang/spiderbot_ws/src/ik/install/ik/lib/ik
[1.371s] Installing joint_state_bridge script to /home/saikirang/spiderbot_ws/src/ik/install/ik/lib/ik
[1.371s] writing list of installed files to '/home/saikirang/spiderbot_ws/src/ik/build/ik/install.log'
[1.390s] Invoked command in '/home/saikirang/spiderbot_ws/src/ik' returned '0': PYTHONPATH=/home/saikirang/spiderbot_ws/src/ik/build/ik/prefix_override:/usr/lib/python3/dist-packages/colcon_core/task/python/colcon_distutils_commands:/home/saikirang/spiderbot_ws/src/ik/install/ik/lib/python3.10/site-packages:${PYTHONPATH} /usr/bin/python3 -W ignore:setup.py install is deprecated -W ignore:easy_install command is deprecated setup.py egg_info --egg-base build/ik build --build-base /home/saikirang/spiderbot_ws/src/ik/build/ik/build install --record /home/saikirang/spiderbot_ws/src/ik/build/ik/install.log --single-version-externally-managed install_data
